<?xml version="1.0" encoding="UTF-8"?>
<!-- Generated by org.testng.reporters.JUnitXMLReporter -->
<testsuite hostname="DESKTOP-3QHRF2P" ignored="0" name="Test" tests="1" failures="0" timestamp="2021-11-12T15:35:46 IST" time="0.168" errors="0">
  <testcase name="@BeforeClass openBrowser" time="0.029" classname="com.BuildCRM.genericLib.BaseTest">
    <failure type="java.io.FileNotFoundException" message=".\Data\config.properties (The system cannot find the path specified)">
      <![CDATA[java.io.FileNotFoundException: .\Data\config.properties (The system cannot find the path specified)
at java.io.FileInputStream.open0(Native Method)
at java.io.FileInputStream.open(FileInputStream.java:195)
at java.io.FileInputStream.<init>(FileInputStream.java:138)
at java.io.FileInputStream.<init>(FileInputStream.java:93)
at com.BuildCRM.genericLib.FileLib.readPropData(FileLib.java:8)
at com.BuildCRM.genericLib.BaseTest.openBrowser(BaseTest.java:18)
at java.util.ArrayList.forEach(ArrayList.java:1249)
... Removed 25 stack frames]]>
    </failure>
  </testcase> <!-- @BeforeClass openBrowser -->
  <testcase name="@AfterClass closeBrowser" time="-1.636711546256E9" classname="com.BuildCRM.genericLib.BaseTest">
    <skipped/>
  </testcase> <!-- @AfterClass closeBrowser -->
  <testcase name="CreateProduct" time="0.0" classname="com.BuildCRM.Products.CreateProductsTest">
    <skipped/>
  </testcase> <!-- CreateProduct -->
</testsuite> <!-- Test -->
